[0.699s] Invoking command in '/home/taz/cwrubotics22-23/rov-23/src/manipulators': PYTHONPATH=/home/taz/cwrubotics22-23/rov-23/src/install/manipulators/lib/python3.8/site-packages:${PYTHONPATH} /usr/bin/python3 setup.py egg_info --egg-base ../build/manipulators build --build-base /home/taz/cwrubotics22-23/rov-23/src/build/manipulators/build install --prefix /home/taz/cwrubotics22-23/rov-23/src/install/manipulators --record /home/taz/cwrubotics22-23/rov-23/src/build/manipulators/install.log --single-version-externally-managed
[0.908s] running egg_info
[0.909s] creating ../build/manipulators/manipulators.egg-info
[0.910s] writing ../build/manipulators/manipulators.egg-info/PKG-INFO
[0.911s] writing dependency_links to ../build/manipulators/manipulators.egg-info/dependency_links.txt
[0.911s] writing entry points to ../build/manipulators/manipulators.egg-info/entry_points.txt
[0.912s] writing requirements to ../build/manipulators/manipulators.egg-info/requires.txt
[0.912s] writing top-level names to ../build/manipulators/manipulators.egg-info/top_level.txt
[0.914s] writing manifest file '../build/manipulators/manipulators.egg-info/SOURCES.txt'
[0.953s] reading manifest file '../build/manipulators/manipulators.egg-info/SOURCES.txt'
[0.954s] writing manifest file '../build/manipulators/manipulators.egg-info/SOURCES.txt'
[0.954s] running build
[0.955s] running build_py
[0.955s] creating /home/taz/cwrubotics22-23/rov-23/src/build/manipulators/build
[0.956s] creating /home/taz/cwrubotics22-23/rov-23/src/build/manipulators/build/lib
[0.956s] creating /home/taz/cwrubotics22-23/rov-23/src/build/manipulators/build/lib/manipulators
[0.956s] copying manipulators/manipGeneral.py -> /home/taz/cwrubotics22-23/rov-23/src/build/manipulators/build/lib/manipulators
[0.956s] copying manipulators/__init__.py -> /home/taz/cwrubotics22-23/rov-23/src/build/manipulators/build/lib/manipulators
[0.957s] running install
[0.957s] running install_lib
[0.959s] creating /home/taz/cwrubotics22-23/rov-23/src/install/manipulators/lib/python3.8/site-packages/manipulators
[0.960s] copying /home/taz/cwrubotics22-23/rov-23/src/build/manipulators/build/lib/manipulators/manipGeneral.py -> /home/taz/cwrubotics22-23/rov-23/src/install/manipulators/lib/python3.8/site-packages/manipulators
[0.960s] copying /home/taz/cwrubotics22-23/rov-23/src/build/manipulators/build/lib/manipulators/__init__.py -> /home/taz/cwrubotics22-23/rov-23/src/install/manipulators/lib/python3.8/site-packages/manipulators
[0.961s] byte-compiling /home/taz/cwrubotics22-23/rov-23/src/install/manipulators/lib/python3.8/site-packages/manipulators/manipGeneral.py to manipGeneral.cpython-38.pyc
[0.963s] byte-compiling /home/taz/cwrubotics22-23/rov-23/src/install/manipulators/lib/python3.8/site-packages/manipulators/__init__.py to __init__.cpython-38.pyc
[0.963s] running install_data
[0.964s] creating /home/taz/cwrubotics22-23/rov-23/src/install/manipulators/share/ament_index
[0.965s] creating /home/taz/cwrubotics22-23/rov-23/src/install/manipulators/share/ament_index/resource_index
[0.965s] creating /home/taz/cwrubotics22-23/rov-23/src/install/manipulators/share/ament_index/resource_index/packages
[0.965s] copying resource/manipulators -> /home/taz/cwrubotics22-23/rov-23/src/install/manipulators/share/ament_index/resource_index/packages
[0.966s] copying package.xml -> /home/taz/cwrubotics22-23/rov-23/src/install/manipulators/share/manipulators
[0.966s] running install_egg_info
[0.968s] Copying ../build/manipulators/manipulators.egg-info to /home/taz/cwrubotics22-23/rov-23/src/install/manipulators/lib/python3.8/site-packages/manipulators-0.0.0-py3.8.egg-info
[0.969s] running install_scripts
[0.989s] Installing manipGeneral script to /home/taz/cwrubotics22-23/rov-23/src/install/manipulators/lib/manipulators
[0.990s] writing list of installed files to '/home/taz/cwrubotics22-23/rov-23/src/build/manipulators/install.log'
[1.013s] Invoked command in '/home/taz/cwrubotics22-23/rov-23/src/manipulators' returned '0': PYTHONPATH=/home/taz/cwrubotics22-23/rov-23/src/install/manipulators/lib/python3.8/site-packages:${PYTHONPATH} /usr/bin/python3 setup.py egg_info --egg-base ../build/manipulators build --build-base /home/taz/cwrubotics22-23/rov-23/src/build/manipulators/build install --prefix /home/taz/cwrubotics22-23/rov-23/src/install/manipulators --record /home/taz/cwrubotics22-23/rov-23/src/build/manipulators/install.log --single-version-externally-managed
